[14-Apr-2016 01:13:24 UTC] PHP Warning:  file_get_contents(): Filename cannot be empty in /home/ubuntu/workspace/gitmusicapp/phpfiles/getMusicFile.php on line 41
[14-Apr-2016 01:13:24 UTC] PHP Stack trace:
[14-Apr-2016 01:13:24 UTC] PHP   1. {main}() /home/ubuntu/workspace/gitmusicapp/phpfiles/getMusicFile.php:0
[14-Apr-2016 01:13:24 UTC] PHP   2. file_get_contents() /home/ubuntu/workspace/gitmusicapp/phpfiles/getMusicFile.php:41
[14-Apr-2016 01:15:25 UTC] PHP Warning:  file_get_contents(): Filename cannot be empty in /home/ubuntu/workspace/gitmusicapp/phpfiles/getMusicFile.php on line 41
[14-Apr-2016 01:15:25 UTC] PHP Stack trace:
[14-Apr-2016 01:15:25 UTC] PHP   1. {main}() /home/ubuntu/workspace/gitmusicapp/phpfiles/getMusicFile.php:0
[14-Apr-2016 01:15:25 UTC] PHP   2. file_get_contents() /home/ubuntu/workspace/gitmusicapp/phpfiles/getMusicFile.php:41
[14-Apr-2016 01:18:27 UTC] PHP Warning:  file_get_contents(): Filename cannot be empty in /home/ubuntu/workspace/gitmusicapp/phpfiles/getMusicFile.php on line 41
[14-Apr-2016 01:18:27 UTC] PHP Stack trace:
[14-Apr-2016 01:18:27 UTC] PHP   1. {main}() /home/ubuntu/workspace/gitmusicapp/phpfiles/getMusicFile.php:0
[14-Apr-2016 01:18:27 UTC] PHP   2. file_get_contents() /home/ubuntu/workspace/gitmusicapp/phpfiles/getMusicFile.php:41
[14-Apr-2016 01:19:06 UTC] PHP Warning:  file_get_contents( ): failed to open stream: No such file or directory in /home/ubuntu/workspace/gitmusicapp/phpfiles/getMusicFile.php on line 41
[14-Apr-2016 01:19:06 UTC] PHP Stack trace:
[14-Apr-2016 01:19:06 UTC] PHP   1. {main}() /home/ubuntu/workspace/gitmusicapp/phpfiles/getMusicFile.php:0
[14-Apr-2016 01:19:06 UTC] PHP   2. file_get_contents() /home/ubuntu/workspace/gitmusicapp/phpfiles/getMusicFile.php:41
[14-Apr-2016 04:59:42 UTC] PHP Parse error:  syntax error, unexpected '}' in /home/ubuntu/workspace/gitmusicapp/phpfiles/getMusicFile.php on line 55
[14-Apr-2016 05:02:21 UTC] PHP Parse error:  syntax error, unexpected '}' in /home/ubuntu/workspace/gitmusicapp/phpfiles/getMusicFile.php on line 55
[29-Jun-2017 18:49:37 UTC] PHP Warning:  file_put_contents(): Only 0 of 8414449 bytes written, possibly out of free disk space in /home/ubuntu/workspace/gitmusicapp/phpfiles/getMusicFile.php on line 32
[29-Jun-2017 18:49:37 UTC] PHP Stack trace:
[29-Jun-2017 18:49:37 UTC] PHP   1. {main}() /home/ubuntu/workspace/gitmusicapp/phpfiles/getMusicFile.php:0
[29-Jun-2017 18:49:37 UTC] PHP   2. file_put_contents() /home/ubuntu/workspace/gitmusicapp/phpfiles/getMusicFile.php:32
